2008-03-20 11:09:05 Notice: Notice (1024): Please change the value of 'Security.salt' in app/config/core.php to a salt value specific to your application in [CORE/cake/libs/debugger.php, line 535]
2008-03-20 11:21:18 Notice: Notice (1024): Please change the value of 'Security.salt' in app/config/core.php to a salt value specific to your application in [CORE/cake/libs/debugger.php, line 535]
2008-03-20 12:54:51 Notice: Notice (1024): Please change the value of 'Security.salt' in app/config/core.php to a salt value specific to your application in [CORE/cake/libs/debugger.php, line 535]
2008-03-20 13:14:43 Notice: Notice (8): Undefined variable: hello in [APP/views/test/hello_world.ctp, line 1]
2008-09-26 11:31:08 Notice: Notice (8): Undefined property:  PagesController::$Page in [APP/controllers/pages_controller.php, line 87]
2008-10-08 23:29:05 Notice: Notice (8): Undefined property:  View::$Session in [APP/views/elements/flash.ctp, line 2]
2008-10-08 23:29:07 Notice: Notice (8): Undefined property:  View::$Session in [APP/views/elements/flash.ctp, line 2]
2008-10-10 18:37:39 Notice: Notice (8): Undefined variable: recursive in [APP/controllers/institutes_controller.php, line 22]
2008-10-10 23:09:55 Notice: Notice (8): Undefined index:  name in [APP/views/records/admin_index.ctp, line 21]
2008-10-10 23:09:55 Notice: Notice (8): Undefined index:  version in [APP/views/records/admin_index.ctp, line 27]
2008-10-10 23:09:55 Notice: Notice (8): Undefined index:  source_type in [APP/views/records/admin_index.ctp, line 30]
2008-10-10 23:09:55 Notice: Notice (8): Undefined index:  source_type in [APP/views/records/admin_index.ctp, line 34]
2008-10-10 23:09:55 Notice: Notice (8): Undefined index:  floor in [APP/views/records/admin_index.ctp, line 56]
2008-10-10 23:14:46 Notice: Notice (8): Undefined index:  field in [APP/views/records/admin_index.ctp, line 17]
2008-10-10 23:22:59 Notice: Notice (8): Undefined index:  name in [APP/views/records/admin_view.ctp, line 1]
2008-10-10 23:22:59 Notice: Notice (8): Undefined index:  version in [APP/views/records/admin_view.ctp, line 7]
2008-10-10 23:22:59 Notice: Notice (8): Undefined index:  source_type in [APP/views/records/admin_view.ctp, line 8]
2008-10-10 23:22:59 Notice: Notice (8): Undefined index:  source_type in [APP/views/records/admin_view.ctp, line 10]
2008-10-10 23:22:59 Notice: Notice (8): Undefined index:  floor in [APP/views/records/admin_view.ctp, line 26]
2008-10-11 09:19:18 Notice: Notice (8): Undefined property:  InstitutesController::$Leader in [APP/controllers/institutes_controller.php, line 51]
2008-10-11 09:34:32 Notice: Notice (8): Undefined variable: phrases in [APP/views/phrases/admin_index.ctp, line 11]
2008-10-11 11:23:49 Notice: Notice (8): Undefined variable: reocrds in [APP/views/institutes/admin_records.ctp, line 12]
2008-10-14 22:36:20 Notice: Notice (8): Undefined variable: institutes in [APP/views/ideas/admin_index.ctp, line 19]
2008-10-14 22:36:50 Notice: Notice (8): Undefined variable: institutes in [APP/views/ideas/admin_index.ctp, line 19]
2008-10-15 20:23:22 Notice: Notice (8): Undefined variable: buildings in [APP/views/tags/admin_index.ctp, line 12]
2008-10-15 20:23:32 Notice: Notice (8): Undefined variable: buildings in [APP/views/tags/admin_index.ctp, line 12]
2008-10-15 20:25:18 Notice: Notice (8): Undefined variable: buildings in [APP/views/tags/admin_index.ctp, line 12]
2008-10-15 22:12:14 Notice: Notice (8): Undefined property:  IdeasController::$Profile in [APP/controllers/ideas_controller.php, line 15]
2008-10-15 22:23:50 Notice: Notice (8): Undefined variable: javascript in [APP/views/layouts/default.ctp, line 18]
2008-10-15 22:23:53 Notice: Notice (8): Undefined variable: javascript in [APP/views/layouts/default.ctp, line 18]
2008-10-15 22:23:53 Notice: Notice (8): Undefined variable: javascript in [APP/views/layouts/default.ctp, line 18]
2008-10-15 22:24:36 Notice: Notice (8): Undefined variable: javascript in [APP/views/layouts/default.ctp, line 18]
2008-10-15 22:24:37 Notice: Notice (8): Undefined variable: javascript in [APP/views/layouts/default.ctp, line 18]
2008-10-15 22:24:40 Notice: Notice (8): Undefined variable: javascript in [APP/views/layouts/default.ctp, line 18]
2008-10-15 22:24:41 Notice: Notice (8): Undefined variable: javascript in [APP/views/layouts/default.ctp, line 18]
2008-10-15 22:53:17 Notice: Notice (8): Undefined variable: javascript in [APP/views/layouts/default.ctp, line 18]
2008-10-15 22:53:17 Notice: Notice (8): Undefined variable: javascript in [APP/views/layouts/default.ctp, line 18]
2008-10-15 22:53:19 Notice: Notice (8): Undefined variable: javascript in [APP/views/layouts/default.ctp, line 18]
2008-10-15 22:54:48 Notice: Notice (8): Undefined variable: javascript in [APP/views/layouts/default.ctp, line 18]
2008-10-15 22:54:48 Notice: Notice (8): Undefined variable: javascript in [APP/views/layouts/default.ctp, line 18]
2008-10-15 22:54:51 Notice: Notice (8): Undefined variable: javascript in [APP/views/layouts/default.ctp, line 18]
2008-10-15 22:55:57 Notice: Notice (8): Undefined variable: javascript in [APP/views/layouts/default.ctp, line 18]
2008-10-15 22:55:57 Notice: Notice (8): Undefined variable: javascript in [APP/views/layouts/default.ctp, line 18]
2008-10-15 22:56:01 Notice: Notice (8): Undefined variable: javascript in [APP/views/layouts/default.ctp, line 18]
2008-10-15 22:57:50 Notice: Notice (8): Undefined variable: javascript in [APP/views/layouts/default.ctp, line 18]
2008-10-15 22:57:51 Notice: Notice (8): Undefined variable: javascript in [APP/views/layouts/default.ctp, line 18]
2008-10-15 22:58:06 Notice: Notice (8): Undefined variable: javascript in [APP/views/layouts/default.ctp, line 18]
2008-10-15 22:58:06 Notice: Notice (8): Undefined variable: javascript in [APP/views/layouts/default.ctp, line 18]
2008-10-15 22:58:30 Notice: Notice (8): Undefined variable: javascript in [APP/views/layouts/default.ctp, line 18]
2008-10-15 22:58:30 Notice: Notice (8): Undefined variable: javascript in [APP/views/layouts/default.ctp, line 18]
2008-10-15 22:58:34 Notice: Notice (8): Undefined variable: javascript in [APP/views/layouts/default.ctp, line 18]
2008-10-15 22:59:54 Notice: Notice (8): Undefined variable: javascript in [APP/views/layouts/default.ctp, line 18]
2008-10-15 22:59:54 Notice: Notice (8): Undefined variable: javascript in [APP/views/layouts/default.ctp, line 18]
2008-10-15 23:00:15 Notice: Notice (8): Undefined variable: javascript in [APP/views/layouts/default.ctp, line 18]
2008-10-15 23:00:15 Notice: Notice (8): Undefined variable: javascript in [APP/views/layouts/default.ctp, line 18]
2008-10-15 23:01:31 Notice: Notice (8): Undefined variable: javascript in [APP/views/layouts/default.ctp, line 18]
2008-10-15 23:01:31 Notice: Notice (8): Undefined variable: javascript in [APP/views/layouts/default.ctp, line 18]
2008-10-15 23:01:48 Notice: Notice (8): Undefined variable: javascript in [APP/views/layouts/default.ctp, line 18]
2008-10-15 23:01:48 Notice: Notice (8): Undefined variable: javascript in [APP/views/layouts/default.ctp, line 18]
2008-10-15 23:01:49 Notice: Notice (8): Undefined variable: javascript in [APP/views/layouts/default.ctp, line 18]
2008-10-15 23:04:28 Notice: Notice (8): Undefined variable: javascript in [APP/views/layouts/default.ctp, line 18]
2008-10-15 23:04:28 Notice: Notice (8): Undefined variable: javascript in [APP/views/layouts/default.ctp, line 18]
2008-10-15 23:04:42 Notice: Notice (8): Undefined variable: javascript in [APP/views/layouts/default.ctp, line 18]
2008-10-15 23:04:42 Notice: Notice (8): Undefined variable: javascript in [APP/views/layouts/default.ctp, line 18]
2008-10-15 23:05:37 Notice: Notice (8): Undefined variable: javascript in [APP/views/layouts/default.ctp, line 18]
2008-10-15 23:05:37 Notice: Notice (8): Undefined variable: javascript in [APP/views/layouts/default.ctp, line 18]
2008-10-15 23:05:53 Notice: Notice (8): Undefined variable: javascript in [APP/views/layouts/default.ctp, line 18]
2008-10-15 23:05:53 Notice: Notice (8): Undefined variable: javascript in [APP/views/layouts/default.ctp, line 18]
2008-10-15 23:07:48 Notice: Notice (8): Undefined variable: javascript in [APP/views/layouts/default.ctp, line 18]
2008-10-15 23:07:48 Notice: Notice (8): Undefined variable: javascript in [APP/views/layouts/default.ctp, line 18]
2008-10-15 23:08:28 Notice: Notice (8): Undefined variable: javascript in [APP/views/layouts/default.ctp, line 18]
2008-10-15 23:11:44 Notice: Notice (8): Undefined variable: javascript in [APP/views/layouts/default.ctp, line 18]
2008-10-15 23:11:45 Notice: Notice (8): Undefined variable: javascript in [APP/views/layouts/default.ctp, line 18]
2008-10-15 23:11:59 Notice: Notice (8): Undefined variable: javascript in [APP/views/layouts/default.ctp, line 18]
2008-10-15 23:11:59 Notice: Notice (8): Undefined variable: javascript in [APP/views/layouts/default.ctp, line 18]
2008-10-15 23:13:08 Notice: Notice (8): Undefined variable: javascript in [APP/views/layouts/default.ctp, line 18]
2008-10-15 23:13:08 Notice: Notice (8): Undefined variable: javascript in [APP/views/layouts/default.ctp, line 18]
2008-10-15 23:13:10 Notice: Notice (8): Undefined variable: javascript in [APP/views/layouts/default.ctp, line 18]
2008-10-15 23:14:34 Notice: Notice (8): Undefined variable: javascript in [APP/views/layouts/default.ctp, line 18]
2008-10-15 23:14:34 Notice: Notice (8): Undefined variable: javascript in [APP/views/layouts/default.ctp, line 18]
2008-10-15 23:14:49 Notice: Notice (8): Undefined variable: javascript in [APP/views/layouts/default.ctp, line 18]
2008-10-15 23:14:49 Notice: Notice (8): Undefined variable: javascript in [APP/views/layouts/default.ctp, line 18]
2008-10-15 23:14:53 Notice: Notice (8): Undefined variable: javascript in [APP/views/layouts/default.ctp, line 18]
2008-10-15 23:17:05 Notice: Notice (8): Undefined variable: javascript in [APP/views/layouts/default.ctp, line 18]
2008-10-15 23:17:05 Notice: Notice (8): Undefined variable: javascript in [APP/views/layouts/default.ctp, line 18]
2008-10-15 23:17:37 Notice: Notice (8): Undefined variable: javascript in [APP/views/layouts/default.ctp, line 18]
2008-10-15 23:17:37 Notice: Notice (8): Undefined variable: javascript in [APP/views/layouts/default.ctp, line 18]
2008-10-15 23:18:10 Notice: Notice (8): Undefined variable: javascript in [APP/views/layouts/default.ctp, line 18]
2008-10-15 23:18:10 Notice: Notice (8): Undefined variable: javascript in [APP/views/layouts/default.ctp, line 18]
2008-10-15 23:18:45 Notice: Notice (8): Undefined variable: javascript in [APP/views/layouts/default.ctp, line 18]
2008-10-15 23:18:45 Notice: Notice (8): Undefined variable: javascript in [APP/views/layouts/default.ctp, line 18]
2008-10-15 23:20:51 Notice: Notice (8): Undefined variable: javascript in [APP/views/layouts/default.ctp, line 18]
2008-10-15 23:20:51 Notice: Notice (8): Undefined variable: javascript in [APP/views/layouts/default.ctp, line 18]
2008-10-15 23:21:37 Notice: Notice (8): Undefined variable: javascript in [APP/views/layouts/default.ctp, line 18]
2008-10-15 23:21:37 Notice: Notice (8): Undefined variable: javascript in [APP/views/layouts/default.ctp, line 18]
2008-10-15 23:21:58 Notice: Notice (8): Undefined variable: javascript in [APP/views/layouts/default.ctp, line 18]
2008-10-15 23:21:59 Notice: Notice (8): Undefined variable: javascript in [APP/views/layouts/default.ctp, line 18]
2008-10-15 23:22:28 Notice: Notice (8): Undefined variable: javascript in [APP/views/layouts/default.ctp, line 18]
2008-10-15 23:22:28 Notice: Notice (8): Undefined variable: javascript in [APP/views/layouts/default.ctp, line 18]
2008-10-15 23:22:32 Notice: Notice (8): Undefined variable: javascript in [APP/views/layouts/default.ctp, line 18]
2008-10-15 23:23:19 Notice: Notice (8): Undefined variable: javascript in [APP/views/layouts/default.ctp, line 18]
2008-10-15 23:23:19 Notice: Notice (8): Undefined variable: javascript in [APP/views/layouts/default.ctp, line 18]
2008-10-15 23:24:22 Notice: Notice (8): Undefined variable: javascript in [APP/views/layouts/default.ctp, line 18]
2008-10-15 23:25:30 Notice: Notice (8): Undefined variable: javascript in [APP/views/layouts/default.ctp, line 18]
2008-10-15 23:25:30 Notice: Notice (8): Undefined variable: javascript in [APP/views/layouts/default.ctp, line 18]
2008-10-15 23:25:33 Notice: Notice (8): Undefined variable: javascript in [APP/views/layouts/default.ctp, line 18]
2008-10-15 23:26:33 Notice: Notice (8): Undefined variable: javascript in [APP/views/layouts/default.ctp, line 18]
2008-10-15 23:26:34 Notice: Notice (8): Undefined variable: javascript in [APP/views/layouts/default.ctp, line 18]
2008-10-15 23:26:34 Notice: Notice (8): Undefined variable: javascript in [APP/views/layouts/default.ctp, line 18]
2008-10-15 23:29:21 Notice: Notice (8): Undefined variable: javascript in [APP/views/layouts/default.ctp, line 18]
2008-10-15 23:29:21 Notice: Notice (8): Undefined variable: javascript in [APP/views/layouts/default.ctp, line 18]
2008-10-15 23:29:38 Notice: Notice (8): Undefined variable: javascript in [APP/views/layouts/default.ctp, line 18]
2008-10-15 23:29:38 Notice: Notice (8): Undefined variable: javascript in [APP/views/layouts/default.ctp, line 18]
2008-10-15 23:30:05 Notice: Notice (8): Undefined variable: javascript in [APP/views/layouts/default.ctp, line 18]
2008-10-15 23:30:05 Notice: Notice (8): Undefined variable: javascript in [APP/views/layouts/default.ctp, line 18]
2008-10-15 23:30:16 Notice: Notice (8): Undefined variable: javascript in [APP/views/layouts/default.ctp, line 18]
2008-10-15 23:32:13 Notice: Notice (8): Undefined variable: javascript in [APP/views/layouts/default.ctp, line 18]
2008-10-15 23:32:13 Notice: Notice (8): Undefined variable: javascript in [APP/views/layouts/default.ctp, line 18]
2008-10-15 23:32:44 Notice: Notice (8): Undefined variable: javascript in [APP/views/layouts/default.ctp, line 18]
2008-10-15 23:35:48 Notice: Notice (8): Undefined variable: javascript in [APP/views/layouts/default.ctp, line 18]
2008-10-15 23:35:48 Notice: Notice (8): Undefined variable: javascript in [APP/views/layouts/default.ctp, line 18]
2008-10-15 23:35:52 Notice: Notice (8): Undefined variable: javascript in [APP/views/layouts/default.ctp, line 18]
2008-10-15 23:37:01 Notice: Notice (8): Undefined variable: javascript in [APP/views/layouts/default.ctp, line 18]
2008-10-15 23:37:01 Notice: Notice (8): Undefined variable: javascript in [APP/views/layouts/default.ctp, line 18]
2008-10-15 23:37:24 Notice: Notice (8): Undefined variable: javascript in [APP/views/layouts/default.ctp, line 18]
2008-10-15 23:40:34 Notice: Notice (8): Undefined variable: javascript in [APP/views/layouts/default.ctp, line 18]
2008-10-15 23:40:34 Notice: Notice (8): Undefined variable: javascript in [APP/views/layouts/default.ctp, line 18]
2008-10-15 23:40:51 Notice: Notice (8): Undefined variable: javascript in [APP/views/layouts/default.ctp, line 18]
2008-10-15 23:40:51 Notice: Notice (8): Undefined variable: javascript in [APP/views/layouts/default.ctp, line 18]
