2008-10-06 22:21:21 Warning: Warning (512): <span style = "color:Red;text-align:left"><b>SQL Error:</b> 1064: You have an error in your SQL syntax; check the manual that corresponds to your MySQL server version for the right syntax to use near 'adminMode' at line 1</span> in [CORE/cake/libs/model/datasources/dbo_source.php, line 521]
2008-10-06 22:21:29 Warning: Warning (512): <span style = "color:Red;text-align:left"><b>SQL Error:</b> 1064: You have an error in your SQL syntax; check the manual that corresponds to your MySQL server version for the right syntax to use near 'adminMode' at line 1</span> in [CORE/cake/libs/model/datasources/dbo_source.php, line 521]
2008-10-06 22:30:35 Warning: Warning (512): <span style = "color:Red;text-align:left"><b>SQL Error:</b> 1064: You have an error in your SQL syntax; check the manual that corresponds to your MySQL server version for the right syntax to use near 'adminMode' at line 1</span> in [CORE/cake/libs/model/datasources/dbo_source.php, line 521]
2008-10-06 22:32:21 Warning: Warning (512): <span style = "color:Red;text-align:left"><b>SQL Error:</b> 1064: You have an error in your SQL syntax; check the manual that corresponds to your MySQL server version for the right syntax to use near 'adminMode' at line 1</span> in [CORE/cake/libs/model/datasources/dbo_source.php, line 521]
2008-10-06 22:32:26 Warning: Warning (512): <span style = "color:Red;text-align:left"><b>SQL Error:</b> 1064: You have an error in your SQL syntax; check the manual that corresponds to your MySQL server version for the right syntax to use near 'adminMode' at line 1</span> in [CORE/cake/libs/model/datasources/dbo_source.php, line 521]
2008-10-06 22:32:49 Warning: Warning (512): <span style = "color:Red;text-align:left"><b>SQL Error:</b> 1064: You have an error in your SQL syntax; check the manual that corresponds to your MySQL server version for the right syntax to use near 'adminMode' at line 1</span> in [CORE/cake/libs/model/datasources/dbo_source.php, line 521]
2008-10-06 22:32:57 Warning: Warning (512): <span style = "color:Red;text-align:left"><b>SQL Error:</b> 1064: You have an error in your SQL syntax; check the manual that corresponds to your MySQL server version for the right syntax to use near 'adminMode' at line 1</span> in [CORE/cake/libs/model/datasources/dbo_source.php, line 521]
2008-10-06 22:33:54 Warning: Warning (512): <span style = "color:Red;text-align:left"><b>SQL Error:</b> 1064: You have an error in your SQL syntax; check the manual that corresponds to your MySQL server version for the right syntax to use near 'adminMode' at line 1</span> in [CORE/cake/libs/model/datasources/dbo_source.php, line 521]
2008-10-08 22:49:35 Warning: Warning (2): Cannot modify header information - headers already sent by (output started at /Users/Benji/Sites/Candeo/06_application/cake/basics.php:587) in [CORE/cake/libs/controller/controller.php, line 587]
2008-10-11 09:34:32 Warning: Warning (2): Invalid argument supplied for foreach() in [APP/views/phrases/admin_index.ctp, line 11]
2008-10-11 09:43:12 Warning: Warning (512): Method HtmlHelper::hidden does not exist in [CORE/cake/libs/view/helper.php, line 148]
2008-10-11 09:58:59 Warning: Warning (512): Method HtmlHelper::hidden does not exist in [CORE/cake/libs/view/helper.php, line 148]
2008-10-11 09:59:12 Warning: Warning (512): Method HtmlHelper::hidden does not exist in [CORE/cake/libs/view/helper.php, line 148]
2008-10-11 11:23:49 Warning: Warning (2): Invalid argument supplied for foreach() in [APP/views/institutes/admin_records.ctp, line 12]
2008-10-14 22:36:20 Warning: Warning (2): Invalid argument supplied for foreach() in [APP/views/ideas/admin_index.ctp, line 19]
2008-10-14 22:36:50 Warning: Warning (2): Invalid argument supplied for foreach() in [APP/views/ideas/admin_index.ctp, line 19]
2008-10-15 20:10:58 Warning: Warning (2): mkdir() [<a href='http://php.net/function.mkdir'>function.mkdir</a>]: Permission denied in [CORE/cake/libs/folder.php, line 476]
2008-10-15 20:12:30 Warning: Warning (2): mkdir() [<a href='http://php.net/function.mkdir'>function.mkdir</a>]: Permission denied in [CORE/cake/libs/folder.php, line 476]
2008-10-15 20:14:56 Warning: Warning (2): mkdir() [<a href='http://php.net/function.mkdir'>function.mkdir</a>]: Permission denied in [CORE/cake/libs/folder.php, line 476]
2008-10-15 20:23:22 Warning: Warning (2): Invalid argument supplied for foreach() in [APP/views/tags/admin_index.ctp, line 12]
2008-10-15 20:23:32 Warning: Warning (2): Invalid argument supplied for foreach() in [APP/views/tags/admin_index.ctp, line 12]
2008-10-15 20:25:18 Warning: Warning (2): Invalid argument supplied for foreach() in [APP/views/tags/admin_index.ctp, line 12]
2008-10-15 20:33:44 Warning: Warning (2): mkdir() [<a href='http://php.net/function.mkdir'>function.mkdir</a>]: Permission denied in [CORE/cake/libs/folder.php, line 476]
2008-10-15 22:12:34 Warning: Warning (2): mkdir() [<a href='http://php.net/function.mkdir'>function.mkdir</a>]: Permission denied in [CORE/cake/libs/folder.php, line 476]
2008-10-15 22:12:34 Warning: Warning (2): Cannot modify header information - headers already sent by (output started at /Users/Benji/Sites/IdeaBucket/04_Application/cake/basics.php:111) in [CORE/cake/libs/controller/controller.php, line 587]
2008-10-15 22:13:43 Warning: Warning (2): mkdir() [<a href='http://php.net/function.mkdir'>function.mkdir</a>]: Permission denied in [CORE/cake/libs/folder.php, line 476]
2008-10-15 22:13:43 Warning: Warning (2): Cannot modify header information - headers already sent by (output started at /Users/Benji/Sites/IdeaBucket/04_Application/cake/basics.php:111) in [CORE/cake/libs/controller/controller.php, line 587]
2008-10-15 22:15:56 Warning: Warning (2): mkdir() [<a href='http://php.net/function.mkdir'>function.mkdir</a>]: Permission denied in [CORE/cake/libs/folder.php, line 476]
2008-10-15 22:15:56 Warning: Warning (2): Cannot modify header information - headers already sent by (output started at /Users/Benji/Sites/IdeaBucket/04_Application/cake/basics.php:111) in [CORE/cake/libs/controller/controller.php, line 587]
2008-10-15 22:16:17 Warning: Warning (2): mkdir() [<a href='http://php.net/function.mkdir'>function.mkdir</a>]: Permission denied in [CORE/cake/libs/folder.php, line 476]
2008-10-15 22:17:09 Warning: Warning (2): mkdir() [<a href='http://php.net/function.mkdir'>function.mkdir</a>]: Permission denied in [CORE/cake/libs/folder.php, line 476]
